2023-02-19 13:50:18,/,""
2023-02-19 13:50:24,/,""
2023-02-19 13:51:19,/,""
2023-02-19 13:51:25,/,""
2023-02-19 13:52:34,/welcome,{"status":"OK","users":"","layout":"","booking":{"id":3748,"user_id":1014,"customer_id":155,"agent_id":null,"sales_director_id":null,"reference_number":"DT-C182YU","start_datetime":"2023-02-19 00:00:00","end_datetime":"2023-02-19 00:00:00","adult_pax":4,"kid_pax":0,"infant_pax":0,"status":"confirmed","rating":0,"label":null,"remarks":null,"type":"DT","source":null,"mode_of_transportation":"own_vehicle","eta":null,"portal":"admin","mode_of_payment":null,"approved_at":"2023-02-19 13:47:58","approved_by":1014,"auto_cancel_at":"2023-02-21 13:47:54","cancelled_at":null,"cancelled_by":null,"reason_for_cancellation":null,"created_by":1014,"created_at":"2023-02-19T05:47:54.000000Z","updated_at":"2023-02-19T05:47:58.000000Z","guest_vehicles":[{"id":1006,"booking_reference_number":"DT-C182YU","model":"AAA","plate_number":"AAA","created_at":"2023-02-19T05:47:54.000000Z","updated_at":"2023-02-19T05:47:54.000000Z","deleted_by":null,"deleted_at":null}],"guests":[{"id":12869,"booking_reference_number":"DT-C182YU","related_id":null,"reference_number":"G-8DRVX5","first_name":"Jeffson","last_name":"Empleo","age":22,"nationality":"none","type":"adult","status":"arriving","created_by":null,"deleted_by":null,"created_at":"2023-02-19T05:47:54.000000Z","updated_at":"2023-02-19T05:47:58.000000Z","deleted_at":null},{"id":12870,"booking_reference_number":"DT-C182YU","related_id":null,"reference_number":"G-KGLNJ4","first_name":"Bhal","last_name":"Ulijan","age":22,"nationality":"none","type":"adult","status":"arriving","created_by":null,"deleted_by":null,"created_at":"2023-02-19T05:47:54.000000Z","updated_at":"2023-02-19T05:47:58.000000Z","deleted_at":null},{"id":12871,"booking_reference_number":"DT-C182YU","related_id":null,"reference_number":"G-FF5TRW","first_name":"JET-JET","last_name":"ULIJAN","age":22,"nationality":"none","type":"adult","status":"arriving","created_by":null,"deleted_by":null,"created_at":"2023-02-19T05:47:54.000000Z","updated_at":"2023-02-19T05:47:58.000000Z","deleted_at":null},{"id":12872,"booking_reference_number":"DT-C182YU","related_id":null,"reference_number":"G-P09L5O","first_name":"Jinky","last_name":"Ulijan","age":22,"nationality":"none","type":"adult","status":"arriving","created_by":null,"deleted_by":null,"created_at":"2023-02-19T05:47:54.000000Z","updated_at":"2023-02-19T05:47:58.000000Z","deleted_at":null}],"inclusions":[{"id":32839,"booking_reference_number":"DT-C182YU","invoice_id":4569,"guest_id":12869,"guest_reference_number":"G-8DRVX5","parent_id":null,"code":"COM-ACCESS","item":"Commercial Access","type":"product","description":null,"serving_time":null,"walkin_price":null,"selling_price":"0.00","selling_price_type":null,"used_at":null,"quantity":1,"original_price":"0.00","price":"0.00","discount":null,"created_by":1014,"deleted_by":null,"deleted_at":null,"created_at":"2023-02-19T05:47:54.000000Z","updated_at":"2023-02-19T05:47:54.000000Z"},{"id":32840,"booking_reference_number":"DT-C182YU","invoice_id":4569,"guest_id":12870,"guest_reference_number":"G-KGLNJ4","parent_id":null,"code":"COM-ACCESS","item":"Commercial Access","type":"product","description":null,"serving_time":null,"walkin_price":null,"selling_price":"0.00","selling_price_type":null,"used_at":null,"quantity":1,"original_price":"0.00","price":"0.00","discount":null,"created_by":1014,"deleted_by":null,"deleted_at":null,"created_at":"2023-02-19T05:47:54.000000Z","updated_at":"2023-02-19T05:47:54.000000Z"},{"id":32841,"booking_reference_number":"DT-C182YU","invoice_id":4569,"guest_id":12871,"guest_reference_number":"G-FF5TRW","parent_id":null,"code":"COM-ACCESS","item":"Commercial Access","type":"product","description":null,"serving_time":null,"walkin_price":null,"selling_price":"0.00","selling_price_type":null,"used_at":null,"quantity":1,"original_price":"0.00","price":"0.00","discount":null,"created_by":1014,"deleted_by":null,"deleted_at":null,"created_at":"2023-02-19T05:47:54.000000Z","updated_at":"2023-02-19T05:47:54.000000Z"},{"id":32842,"booking_reference_number":"DT-C182YU","invoice_id":4569,"guest_id":12872,"guest_reference_number":"G-P09L5O","parent_id":null,"code":"COM-ACCESS","item":"Commercial Access","type":"product","description":null,"serving_time":null,"walkin_price":null,"selling_price":"0.00","selling_price_type":null,"used_at":null,"quantity":1,"original_price":"0.00","price":"0.00","discount":null,"created_by":1014,"deleted_by":null,"deleted_at":null,"created_at":"2023-02-19T05:47:54.000000Z","updated_at":"2023-02-19T05:47:54.000000Z"}],"customer":[{"id":155,"object_id":"91f74f90-4cb3-4957-abc1-478369935732","first_name":"JINKY","middle_name":null,"last_name":"ULIJAN","nationality":"Filipino","contact_number":"09563770943","address":"Bataan","email":"jinky.ulijan@camayacoast.com","created_by":1079,"created_at":"2021-05-19T01:14:38.000000Z","updated_at":"2021-05-19T01:14:38.000000Z","deleted_at":null}],"tags":[{"id":3412,"booking_id":3748,"name":"ESLCC - Sales Agent","created_by":1014,"created_at":"2023-02-19T05:47:54.000000Z","updated_at":"2023-02-19T05:47:54.000000Z","deleted_at":null}]},"balance":"0.00","details":{"id":12869,"booking_reference_number":"DT-C182YU","related_id":null,"reference_number":"G-8DRVX5","first_name":"Jeffson","last_name":"Empleo","age":22,"nationality":"none","type":"adult","status":"arriving","created_by":null,"deleted_by":null,"created_at":"2023-02-19T05:47:54.000000Z","updated_at":"2023-02-19T05:47:58.000000Z","deleted_at":null,"booking":{"id":3748,"user_id":1014,"customer_id":155,"agent_id":null,"sales_director_id":null,"reference_number":"DT-C182YU","start_datetime":"2023-02-19 00:00:00","end_datetime":"2023-02-19 00:00:00","adult_pax":4,"kid_pax":0,"infant_pax":0,"status":"confirmed","rating":0,"label":null,"remarks":null,"type":"DT","source":null,"mode_of_transportation":"own_vehicle","eta":null,"portal":"admin","mode_of_payment":null,"approved_at":"2023-02-19 13:47:58","approved_by":1014,"auto_cancel_at":"2023-02-21 13:47:54","cancelled_at":null,"cancelled_by":null,"reason_for_cancellation":null,"created_by":1014,"created_at":"2023-02-19T05:47:54.000000Z","updated_at":"2023-02-19T05:47:58.000000Z"}},"pass":{"id":41320,"booking_reference_number":"DT-C182YU","guest_reference_number":"G-8DRVX5","card_number":null,"inclusion_id":32839,"trip_id":null,"pass_code":"CMY-VO1FKG","description":null,"category":"reusable","count":0,"max":1,"interfaces":"[\"main_gate\"]","mode":"access","type":"Main Gate Passes","status":"created","usable_at":"2023-02-19 00:00:00","expires_at":"2023-02-19 23:59:00","created_by":null,"deleted_by":null,"deleted_at":null,"created_at":"2023-02-19T05:47:54.000000Z","updated_at":"2023-02-19T05:47:58.000000Z"},"tap_id":23,"previous_security_check_data":null}
2023-02-19 13:53:59,scanner-valid-code,""
2023-02-19 13:54:29,/,""
2023-02-19 13:56:16,/,""
2023-02-19 13:56:56,/,""
2023-02-19 13:57:01,/,""
2023-02-19 13:57:26,/,""
2023-02-19 13:58:22,/,""
2023-02-19 13:58:48,/invalid-code,{"status":"CODE_INVALID","users":"","layout":"","details":{"code":"uff.com\/","tap_id":24}}
2023-02-19 13:59:21,/invalid-code,{"status":"CODE_INVALID","users":"","layout":"","details":{"code":"uff.com\/","tap_id":25}}
2023-02-19 14:00:17,/invalid-code,{"status":"CODE_INVALID","users":"","layout":"","details":{"code":"uff.com\/","tap_id":26}}
2023-02-19 14:00:22,/invalid-code,{"status":"CODE_INVALID","users":"","layout":"","details":{"code":"uff.com\/","tap_id":27}}
2023-02-19 14:00:24,/invalid-code,{"status":"CODE_INVALID","users":"","layout":"","details":{"code":"uff.com\/","tap_id":28}}
2023-02-19 14:01:17,/invalid-code,{"status":"CODE_INVALID","users":"","layout":"","details":{"code":"uff.com\/","tap_id":29}}
2023-02-19 14:01:24,holding-area,""
2023-02-19 14:01:47,/,""
2023-02-19 14:01:54,/,""
2023-02-19 14:02:38,/,""
2023-02-19 14:02:56,/,""
2023-02-19 14:03:02,/invalid-code,{"status":"CODE_INVALID","users":"","layout":"","details":{"code":"Hello :)http:\/\/en.m.wikipedia.org","tap_id":30}}
2023-02-19 14:03:28,holding-area,""
2023-02-19 14:03:58,/,""
2023-02-19 14:04:47,/,""
2023-02-19 14:05:23,/invalid-code,{"status":"CODE_INVALID","users":"","layout":"","details":{"code":"Hello :)","tap_id":31}}
2023-02-19 14:05:38,/invalid-code,{"status":"CODE_INVALID","users":"","layout":"","details":{"code":"Hello :)","tap_id":32}}
2023-02-19 14:06:15,/invalid-code,{"status":"CODE_INVALID","users":"","layout":"","details":{"code":"Hello :)","tap_id":33}}
2023-02-19 14:06:22,/invalid-code,{"status":"CODE_INVALID","users":"","layout":"","details":{"code":"Hello :)","tap_id":34}}
2023-02-19 14:06:27,holding-area,""
2023-02-19 14:06:32,/,""
2023-02-19 14:06:57,/,""
2023-02-19 14:07:30,holding-area,""
2023-02-19 14:08:00,/,""
2023-02-19 14:09:46,/,""
2023-02-19 14:09:50,/,""
2023-02-19 14:09:52,/,""
2023-02-19 14:10:23,/invalid-code,{"status":"CODE_INVALID","users":"","layout":"","details":{"code":"dvice.;;","tap_id":35}}
2023-02-19 14:11:01,/invalid-code,{"status":"CODE_INVALID","users":"","layout":"","details":{"code":"dvice.;;","tap_id":36}}
2023-02-19 14:19:21,/invalid-code,{"status":"CODE_INVALID","users":"","layout":"","details":{"code":"dvice.;;","tap_id":37}}
2023-02-19 14:19:22,clear-cache,""
2023-02-19 14:20:07,/,""
2023-02-19 14:20:15,/invalid-code,{"status":"CODE_INVALID","users":"","layout":"","details":{"code":"g","tap_id":38}}
2023-02-19 14:20:17,clear-cache,""
2023-02-19 14:21:05,/,""
2023-02-19 14:21:31,/invalid-code,{"status":"CODE_INVALID","users":"","layout":"","details":{"code":"https:\/\/www.memorylinks.com\/2534","tap_id":39}}
2023-02-19 14:21:34,clear-cache,""
2023-02-19 14:23:45,/,""
2023-02-19 14:23:50,/,""
2023-02-19 14:28:36,/,""
2023-02-19 14:28:44,/invalid-code,{"status":"CODE_INVALID","users":"","layout":"","details":{"code":"https:\/\/www.memorylinks.com\/2534","tap_id":40}}
2023-02-19 14:30:04,/invalid-code,{"status":"CODE_INVALID","users":"","layout":"","details":{"code":"https:\/\/www.memorylinks.com\/2534","tap_id":41}}
2023-02-19 14:30:05,/invalid-code,{"status":"CODE_INVALID","users":"","layout":"","details":{"code":"https:\/\/www.memorylinks.com\/2534","tap_id":42}}
2023-02-19 14:32:51,/invalid-code,{"status":"CODE_INVALID","users":"","layout":"","details":{"code":"https:\/\/www.memorylinks.com\/2534","tap_id":43}}
2023-02-19 14:32:53,/invalid-code,{"status":"CODE_INVALID","users":"","layout":"","details":{"code":"https:\/\/www.memorylinks.com\/2534","tap_id":44}}
2023-02-19 14:33:02,/invalid-code,{"status":"CODE_INVALID","users":"","layout":"","details":{"code":"https:\/\/www.memorylinks.com\/2534","tap_id":45}}
2023-02-19 14:33:31,/invalid-code,{"status":"CODE_INVALID","users":"","layout":"","details":{"code":"https:\/\/www.memorylinks.com\/2534","tap_id":46}}
2023-02-19 14:33:59,/invalid-code,{"status":"CODE_INVALID","users":"","layout":"","details":{"code":"https:\/\/www.memorylinks.com\/2534","tap_id":47}}
2023-02-19 14:34:16,/invalid-code,{"status":"CODE_INVALID","users":"","layout":"","details":{"code":"https:\/\/www.memorylinks.com\/2534","tap_id":48}}
2023-02-19 14:34:23,/invalid-code,{"status":"CODE_INVALID","users":"","layout":"","details":{"code":"https:\/\/www.memorylinks.com\/2534","tap_id":49}}
2023-02-19 14:35:39,/invalid-code,{"status":"CODE_INVALID","users":"","layout":"","details":{"code":"https:\/\/www.memorylinks.com\/2534","tap_id":50}}
2023-02-19 14:36:18,/invalid-code,{"status":"CODE_INVALID","users":"","layout":"","details":{"code":"https:\/\/www.memorylinks.com\/2534","tap_id":51}}
2023-02-19 14:36:26,/invalid-code,{"status":"CODE_INVALID","users":"","layout":"","details":{"code":"https:\/\/www.memorylinks.com\/2534","tap_id":52}}
2023-02-19 14:36:28,/invalid-code,{"status":"CODE_INVALID","users":"","layout":"","details":{"code":"https:\/\/www.memorylinks.com\/2534","tap_id":53}}
2023-02-19 14:36:41,/invalid-code,{"status":"CODE_INVALID","users":"","layout":"","details":{"code":"https:\/\/www.memorylinks.com\/2534","tap_id":54}}
2023-02-19 14:36:47,/invalid-code,{"status":"CODE_INVALID","users":"","layout":"","details":{"code":"https:\/\/www.memorylinks.com\/2534","tap_id":55}}
2023-02-19 14:37:16,/invalid-code,{"status":"CODE_INVALID","users":"","layout":"","details":{"code":"https:\/\/www.memorylinks.com\/2534","tap_id":56}}
2023-02-19 15:49:34,/invalid-code,{"status":"CODE_INVALID","users":"","layout":"","details":{"code":"https:\/\/www.memorylinks.com\/2534","tap_id":57}}
2023-02-19 15:54:50,/invalid-code,{"status":"CODE_INVALID","users":"","layout":"","details":{"code":"https:\/\/www.memorylinks.com\/2534","tap_id":58}}
2023-02-19 15:55:10,/invalid-code,{"status":"CODE_INVALID","users":"","layout":"","details":{"code":"https:\/\/www.memorylinks.com\/2534","tap_id":59}}
2023-02-19 15:57:16,/invalid-code,{"status":"CODE_INVALID","users":"","layout":"","details":{"code":"https:\/\/www.memorylinks.com\/2534","tap_id":60}}
2023-02-19 15:59:00,scanner-valid-code,""
2023-02-19 15:59:35,/,""
2023-02-19 16:05:24,scanner-valid-code,""
2023-02-19 16:05:54,/,""
2023-02-19 16:09:24,/,""
2023-02-19 16:09:54,scanner-valid-code,""
2023-02-19 16:10:24,/,""
2023-02-19 16:13:14,/,""
2023-02-19 16:17:38,/,""
