2023-02-12 12:41:18,/invalid-code,{"status":"VALID_NOT_EXPIRED","users":"","details":{"code":"G-VXKAKD","tap_id":23}}
2023-02-12 12:41:39,/invalid-code,{"status":"VALID_NOT_EXPIRED","users":"","details":{"code":"G-VXKAKD","tap_id":24}}
2023-02-12 12:44:19,/invalid-code,{"status":"VALID_NOT_EXPIRED","users":"","details":{"code":"G-VXKAKD","tap_id":25}}
2023-02-12 12:44:22,/invalid-code,{"status":"VALID_NOT_EXPIRED","users":"","details":{"code":"G-VXKAKD","tap_id":26}}
2023-02-12 12:45:43,/invalid-code,{"status":"VALID_NOT_EXPIRED","users":"","details":{"code":"G-VXKAKD","tap_id":27}}
2023-02-12 12:45:45,/invalid-code,{"status":"VALID_NOT_EXPIRED","users":"","details":{"code":"G-VXKAKD","tap_id":28}}
2023-02-12 12:46:59,/invalid-code,{"status":"VALID_NOT_EXPIRED","users":"","details":{"code":"G-VXKAKD","tap_id":29}}
2023-02-12 12:47:05,/invalid-code,{"status":"VALID_NOT_EXPIRED","users":"","details":{"code":"G-VXKAKD","tap_id":30}}
2023-02-12 12:47:07,/invalid-code,{"status":"VALID_NOT_EXPIRED","users":"","details":{"code":"G-VXKAKD","tap_id":31}}
2023-02-12 12:47:40,/invalid-code,{"status":"VALID_NOT_EXPIRED","users":"","details":{"code":"G-VXKAKD","tap_id":32}}
2023-02-12 12:47:43,/invalid-code,{"status":"VALID_NOT_EXPIRED","users":"","details":{"code":"G-VXKAKD","tap_id":33}}
2023-02-12 12:48:19,/invalid-code,{"status":"VALID_NOT_EXPIRED","users":"","details":{"code":"G-VXKAKD","tap_id":34}}
2023-02-12 12:48:22,/invalid-code,{"status":"VALID_NOT_EXPIRED","users":"","details":{"code":"G-VXKAKD","tap_id":35}}
2023-02-12 12:48:28,/invalid-code,{"status":"VALID_NOT_EXPIRED","users":"","details":{"code":"G-VXKAKD","tap_id":36}}
2023-02-12 12:49:32,/invalid-code,{"status":"VALID_NOT_EXPIRED","users":"","details":{"code":"G-VXKAKD","tap_id":37}}
2023-02-12 12:50:47,/invalid-code,{"status":"VALID_NOT_EXPIRED","users":"","details":{"code":"G-VXKAKD","tap_id":38}}
2023-02-12 12:50:51,/invalid-code,{"status":"VALID_NOT_EXPIRED","users":"","details":{"code":"G-VXKAKD","tap_id":39}}
2023-02-12 12:50:53,/invalid-code,{"status":"VALID_NOT_EXPIRED","users":"","details":{"code":"G-VXKAKD","tap_id":40}}
2023-02-12 12:50:55,/invalid-code,{"status":"VALID_NOT_EXPIRED","users":"","details":{"code":"G-VXKAKD","tap_id":41}}
2023-02-12 12:50:58,/invalid-code,{"status":"VALID_NOT_EXPIRED","users":"","details":{"code":"G-VXKAKD","tap_id":42}}
2023-02-12 12:51:00,/invalid-code,{"status":"VALID_NOT_EXPIRED","users":"","details":{"code":"G-VXKAKD","tap_id":43}}
2023-02-12 12:51:01,/invalid-code,{"status":"VALID_NOT_EXPIRED","users":"","details":{"code":"G-VXKAKD","tap_id":44}}
2023-02-12 12:51:03,/invalid-code,{"status":"VALID_NOT_EXPIRED","users":"","details":{"code":"G-VXKAKD","tap_id":45}}
2023-02-12 12:51:06,/invalid-code,{"status":"VALID_NOT_EXPIRED","users":"","details":{"code":"G-VXKAKD","tap_id":46}}
2023-02-12 12:51:08,/invalid-code,{"status":"VALID_NOT_EXPIRED","users":"","details":{"code":"G-VXKAKD","tap_id":47}}
2023-02-12 12:51:12,/invalid-code,{"status":"VALID_NOT_EXPIRED","users":"","details":{"code":"G-VXKAKD","tap_id":48}}
2023-02-12 12:52:00,/invalid-code,{"status":"VALID_NOT_EXPIRED","users":"","details":{"code":"G-VXKAKD","tap_id":49}}
2023-02-12 12:52:02,/invalid-code,{"status":"VALID_NOT_EXPIRED","users":"","details":{"code":"G-VXKAKD","tap_id":50}}
2023-02-12 12:52:04,/invalid-code,{"status":"VALID_NOT_EXPIRED","users":"","details":{"code":"G-VXKAKD","tap_id":51}}
2023-02-12 12:52:25,/invalid-code,{"status":"VALID_NOT_EXPIRED","users":"","details":{"code":"G-VXKAKD","tap_id":52}}
2023-02-12 12:53:13,/invalid-code,{"status":"VALID_NOT_EXPIRED","users":"","details":{"code":"G-VXKAKD","tap_id":53}}
2023-02-12 12:53:14,/invalid-code,{"status":"VALID_NOT_EXPIRED","users":"","details":{"code":"G-VXKAKD","tap_id":54}}
2023-02-12 12:53:16,/invalid-code,{"status":"VALID_NOT_EXPIRED","users":"","details":{"code":"G-VXKAKD","tap_id":55}}
2023-02-12 13:09:41,/invalid-code,{"status":"VALID_NOT_EXPIRED","users":"","details":{"code":"G-VXKAKD","tap_id":56}}
2023-02-12 13:11:58,/invalid-code,{"status":"VALID_NOT_EXPIRED","users":"","details":{"code":"G-VXKAKD","tap_id":57}}
2023-02-12 13:23:11,/invalid-code,{"status":"VALID_NOT_EXPIRED","users":"","details":{"code":"G-VXKAKD","tap_id":58}}
2023-02-12 13:23:27,/invalid-code,{"status":"VALID_NOT_EXPIRED","users":"","details":{"code":"G-VXKAKD","tap_id":59}}
2023-02-12 13:23:46,/invalid-code,{"status":"VALID_NOT_EXPIRED","users":"","details":{"code":"G-VXKAKD","tap_id":60}}
2023-02-12 13:31:15,/invalid-code,{"status":"VALID_NOT_EXPIRED","users":"","details":{"code":"G-VXKAKD","tap_id":61}}
2023-02-12 13:31:27,/invalid-code,{"status":"VALID_NOT_EXPIRED","users":"","details":{"code":"G-VXKAKD","tap_id":62}}
2023-02-12 13:31:55,/invalid-code,{"status":"VALID_NOT_EXPIRED","users":"","details":{"code":"G-VXKAKD","tap_id":63}}
2023-02-12 13:32:02,/invalid-code,{"status":"VALID_NOT_EXPIRED","users":"","details":{"code":"G-VXKAKD","tap_id":64}}
2023-02-12 13:32:05,/invalid-code,{"status":"VALID_NOT_EXPIRED","users":"","details":{"code":"G-VXKAKD","tap_id":65}}
2023-02-12 13:32:09,/invalid-code,{"status":"VALID_NOT_EXPIRED","users":"","details":{"code":"G-VXKAKD","tap_id":66}}
2023-02-12 13:33:29,/invalid-code,{"status":"VALID_NOT_EXPIRED","users":"","details":{"code":"G-VXKAKD","tap_id":67}}
2023-02-12 13:33:34,/invalid-code,{"status":"VALID_NOT_EXPIRED","users":"","details":{"code":"G-VXKAKD","tap_id":68}}
2023-02-12 13:33:46,/invalid-code,{"status":"VALID_NOT_EXPIRED","users":"","details":{"code":"G-VXKAKD","tap_id":69}}
2023-02-12 13:33:55,/invalid-code,{"status":"VALID_NOT_EXPIRED","users":"","details":{"code":"G-VXKAKD","tap_id":70}}
2023-02-12 13:34:10,/invalid-code,{"status":"VALID_NOT_EXPIRED","users":"","details":{"code":"G-VXKAKD","tap_id":71}}
2023-02-12 13:34:27,/invalid-code,{"status":"VALID_NOT_EXPIRED","users":"","details":{"code":"G-VXKAKD","tap_id":72}}
2023-02-12 13:34:38,/invalid-code,{"status":"VALID_NOT_EXPIRED","users":"","details":{"code":"G-VXKAKD","tap_id":73}}
2023-02-12 13:36:23,/invalid-code,{"status":"VALID_NOT_EXPIRED","users":"","details":{"code":"G-VXKAKD","tap_id":74}}
2023-02-12 14:20:10,/,""
2023-02-12 14:20:27,scanner-holding-area,""
2023-02-12 14:20:52,/,""
2023-02-12 14:20:58,/,""
2023-02-12 14:22:59,/,""
2023-02-12 14:24:24,/,""
2023-02-12 14:24:40,/,""
2023-02-12 14:26:08,/,""
2023-02-12 14:29:28,/,""
2023-02-12 14:29:31,/,""
2023-02-12 14:30:32,/,""
2023-02-12 14:31:14,/,""
2023-02-12 14:31:31,/,""
2023-02-12 14:31:54,/,""
2023-02-12 14:34:17,/,""
2023-02-12 14:34:58,/,""
2023-02-12 14:37:16,/,""
2023-02-12 14:37:19,/,""
2023-02-12 14:37:28,/,""
2023-02-12 14:38:03,/,""
2023-02-12 14:38:07,/,""
2023-02-12 14:58:58,/,""
2023-02-12 14:59:16,scanner-holding-area,""
2023-02-12 14:59:24,/,""
2023-02-12 14:59:48,/,""
2023-02-12 15:03:07,/,""
2023-02-12 15:05:33,/,""
2023-02-12 15:06:08,/welcome,{"status":"OK","users":"","layout":"","booking":{"id":3727,"user_id":1398,"customer_id":226,"agent_id":1398,"sales_director_id":1057,"reference_number":"DT-QJ8UE4","start_datetime":"2023-02-12 00:00:00","end_datetime":"2023-02-12 00:00:00","adult_pax":1,"kid_pax":0,"infant_pax":0,"status":"confirmed","rating":0,"label":null,"remarks":null,"type":"DT","source":null,"mode_of_transportation":"undecided","eta":"7:00 AM","portal":"admin","mode_of_payment":null,"approved_at":"2023-02-12 12:39:16","approved_by":1422,"auto_cancel_at":"2023-02-14 12:39:09","cancelled_at":null,"cancelled_by":null,"reason_for_cancellation":null,"created_by":1422,"created_at":"2023-02-12T04:39:09.000000Z","updated_at":"2023-02-12T04:39:16.000000Z","guest_vehicles":[],"guests":[{"id":12809,"booking_reference_number":"DT-QJ8UE4","related_id":null,"reference_number":"G-MEGOYQ","first_name":"Jinky","last_name":"Ulijan","age":21,"nationality":"da","type":"adult","status":"arriving","created_by":null,"deleted_by":null,"created_at":"2023-02-12T04:39:09.000000Z","updated_at":"2023-02-12T04:39:16.000000Z","deleted_at":null}],"inclusions":[{"id":32542,"booking_reference_number":"DT-QJ8UE4","invoice_id":4546,"guest_id":null,"guest_reference_number":null,"parent_id":null,"code":"EXTRAPAX","item":"Extra Person","type":"product","description":null,"serving_time":null,"walkin_price":"1200.00","selling_price":"1000.00","selling_price_type":null,"used_at":null,"quantity":1,"original_price":"1000.00","price":"1000.00","discount":null,"created_by":1422,"deleted_by":null,"deleted_at":null,"created_at":"2023-02-12T04:39:09.000000Z","updated_at":"2023-02-12T04:39:09.000000Z"}],"customer":[{"id":226,"object_id":"949f2100-1ae7-45a0-927a-83653a9249ba","first_name":"Agent Cressa","middle_name":null,"last_name":"Tupaz","nationality":"Filipino","contact_number":"09123456789","address":"SJDM Bulacan","email":"heycressanta@gmail.com","created_by":1398,"created_at":"2022-01-11T12:19:51.000000Z","updated_at":"2022-01-13T03:02:49.000000Z","deleted_at":null}],"tags":[{"id":3381,"booking_id":3727,"name":"ESLCC - Sales Agent","created_by":1422,"created_at":"2023-02-12T04:39:09.000000Z","updated_at":"2023-02-12T04:39:09.000000Z","deleted_at":null}]},"balance":"1000.00","details":{"id":12809,"booking_reference_number":"DT-QJ8UE4","related_id":null,"reference_number":"G-MEGOYQ","first_name":"Jinky","last_name":"Ulijan","age":21,"nationality":"da","type":"adult","status":"arriving","created_by":null,"deleted_by":null,"created_at":"2023-02-12T04:39:09.000000Z","updated_at":"2023-02-12T04:39:16.000000Z","deleted_at":null,"booking":{"id":3727,"user_id":1398,"customer_id":226,"agent_id":1398,"sales_director_id":1057,"reference_number":"DT-QJ8UE4","start_datetime":"2023-02-12 00:00:00","end_datetime":"2023-02-12 00:00:00","adult_pax":1,"kid_pax":0,"infant_pax":0,"status":"confirmed","rating":0,"label":null,"remarks":null,"type":"DT","source":null,"mode_of_transportation":"undecided","eta":"7:00 AM","portal":"admin","mode_of_payment":null,"approved_at":"2023-02-12 12:39:16","approved_by":1422,"auto_cancel_at":"2023-02-14 12:39:09","cancelled_at":null,"cancelled_by":null,"reason_for_cancellation":null,"created_by":1422,"created_at":"2023-02-12T04:39:09.000000Z","updated_at":"2023-02-12T04:39:16.000000Z"}},"pass":{"id":40971,"booking_reference_number":"DT-QJ8UE4","guest_reference_number":"G-MEGOYQ","card_number":null,"inclusion_id":null,"trip_id":null,"pass_code":"CMY-TXGF5F","description":null,"category":"reusable","count":1,"max":null,"interfaces":"[\"main_gate\"]","mode":"access","type":"Main Gate Passes","status":"used","usable_at":"2023-02-12 00:00:00","expires_at":"2023-02-12 23:59:00","created_by":null,"deleted_by":null,"deleted_at":null,"created_at":"2023-02-12T04:54:49.000000Z","updated_at":"2023-02-12T07:05:02.000000Z"},"tap_id":2,"previous_security_check_data":{"id":2,"booking_reference_number":"DT-QJ8UE4","reference_number":"G-MEGOYQ","new_reference_number":null,"scan_status":"valid","status":"on-hold","checklists":{"guests":{"12809":true},"booking":{"1":false,"2":true,"3":true,"4":false,"5":false,"6":false,"7":true},"customChecklists":[]},"additional_vehicles":null,"additional_guests":null,"action_taken":{"guests":[],"booking":{"1":null,"2":null,"3":null,"4":null,"5":null,"6":null,"7":null}},"guest_vehicles":[],"invalid_notes":null,"notes":null,"booking_guest_vehicles":[],"created_at":"2023-02-12T06:59:16.000000Z","updated_at":"2023-02-12T06:59:16.000000Z","tap_id":null}}
2023-02-12 15:06:12,/welcome,{"status":"OK","users":"","layout":"","booking":{"id":3727,"user_id":1398,"customer_id":226,"agent_id":1398,"sales_director_id":1057,"reference_number":"DT-QJ8UE4","start_datetime":"2023-02-12 00:00:00","end_datetime":"2023-02-12 00:00:00","adult_pax":1,"kid_pax":0,"infant_pax":0,"status":"confirmed","rating":0,"label":null,"remarks":null,"type":"DT","source":null,"mode_of_transportation":"undecided","eta":"7:00 AM","portal":"admin","mode_of_payment":null,"approved_at":"2023-02-12 12:39:16","approved_by":1422,"auto_cancel_at":"2023-02-14 12:39:09","cancelled_at":null,"cancelled_by":null,"reason_for_cancellation":null,"created_by":1422,"created_at":"2023-02-12T04:39:09.000000Z","updated_at":"2023-02-12T04:39:16.000000Z","guest_vehicles":[],"guests":[{"id":12809,"booking_reference_number":"DT-QJ8UE4","related_id":null,"reference_number":"G-MEGOYQ","first_name":"Jinky","last_name":"Ulijan","age":21,"nationality":"da","type":"adult","status":"arriving","created_by":null,"deleted_by":null,"created_at":"2023-02-12T04:39:09.000000Z","updated_at":"2023-02-12T04:39:16.000000Z","deleted_at":null}],"inclusions":[{"id":32542,"booking_reference_number":"DT-QJ8UE4","invoice_id":4546,"guest_id":null,"guest_reference_number":null,"parent_id":null,"code":"EXTRAPAX","item":"Extra Person","type":"product","description":null,"serving_time":null,"walkin_price":"1200.00","selling_price":"1000.00","selling_price_type":null,"used_at":null,"quantity":1,"original_price":"1000.00","price":"1000.00","discount":null,"created_by":1422,"deleted_by":null,"deleted_at":null,"created_at":"2023-02-12T04:39:09.000000Z","updated_at":"2023-02-12T04:39:09.000000Z"}],"customer":[{"id":226,"object_id":"949f2100-1ae7-45a0-927a-83653a9249ba","first_name":"Agent Cressa","middle_name":null,"last_name":"Tupaz","nationality":"Filipino","contact_number":"09123456789","address":"SJDM Bulacan","email":"heycressanta@gmail.com","created_by":1398,"created_at":"2022-01-11T12:19:51.000000Z","updated_at":"2022-01-13T03:02:49.000000Z","deleted_at":null}],"tags":[{"id":3381,"booking_id":3727,"name":"ESLCC - Sales Agent","created_by":1422,"created_at":"2023-02-12T04:39:09.000000Z","updated_at":"2023-02-12T04:39:09.000000Z","deleted_at":null}]},"balance":"1000.00","details":{"id":12809,"booking_reference_number":"DT-QJ8UE4","related_id":null,"reference_number":"G-MEGOYQ","first_name":"Jinky","last_name":"Ulijan","age":21,"nationality":"da","type":"adult","status":"arriving","created_by":null,"deleted_by":null,"created_at":"2023-02-12T04:39:09.000000Z","updated_at":"2023-02-12T04:39:16.000000Z","deleted_at":null,"booking":{"id":3727,"user_id":1398,"customer_id":226,"agent_id":1398,"sales_director_id":1057,"reference_number":"DT-QJ8UE4","start_datetime":"2023-02-12 00:00:00","end_datetime":"2023-02-12 00:00:00","adult_pax":1,"kid_pax":0,"infant_pax":0,"status":"confirmed","rating":0,"label":null,"remarks":null,"type":"DT","source":null,"mode_of_transportation":"undecided","eta":"7:00 AM","portal":"admin","mode_of_payment":null,"approved_at":"2023-02-12 12:39:16","approved_by":1422,"auto_cancel_at":"2023-02-14 12:39:09","cancelled_at":null,"cancelled_by":null,"reason_for_cancellation":null,"created_by":1422,"created_at":"2023-02-12T04:39:09.000000Z","updated_at":"2023-02-12T04:39:16.000000Z"}},"pass":{"id":40971,"booking_reference_number":"DT-QJ8UE4","guest_reference_number":"G-MEGOYQ","card_number":null,"inclusion_id":null,"trip_id":null,"pass_code":"CMY-TXGF5F","description":null,"category":"reusable","count":1,"max":null,"interfaces":"[\"main_gate\"]","mode":"access","type":"Main Gate Passes","status":"used","usable_at":"2023-02-12 00:00:00","expires_at":"2023-02-12 23:59:00","created_by":null,"deleted_by":null,"deleted_at":null,"created_at":"2023-02-12T04:54:49.000000Z","updated_at":"2023-02-12T07:05:02.000000Z"},"tap_id":2,"previous_security_check_data":{"id":2,"booking_reference_number":"DT-QJ8UE4","reference_number":"G-MEGOYQ","new_reference_number":null,"scan_status":"valid","status":"on-hold","checklists":{"guests":{"12809":true},"booking":{"1":false,"2":true,"3":true,"4":false,"5":false,"6":false,"7":true},"customChecklists":[]},"additional_vehicles":null,"additional_guests":null,"action_taken":{"guests":[],"booking":{"1":null,"2":null,"3":null,"4":null,"5":null,"6":null,"7":null}},"guest_vehicles":[],"invalid_notes":null,"notes":null,"booking_guest_vehicles":[],"created_at":"2023-02-12T06:59:16.000000Z","updated_at":"2023-02-12T06:59:16.000000Z","tap_id":null}}
2023-02-12 15:06:57,/welcome,{"status":"OK","users":"","layout":"","booking":{"id":3727,"user_id":1398,"customer_id":226,"agent_id":1398,"sales_director_id":1057,"reference_number":"DT-QJ8UE4","start_datetime":"2023-02-12 00:00:00","end_datetime":"2023-02-12 00:00:00","adult_pax":1,"kid_pax":0,"infant_pax":0,"status":"confirmed","rating":0,"label":null,"remarks":null,"type":"DT","source":null,"mode_of_transportation":"undecided","eta":"7:00 AM","portal":"admin","mode_of_payment":null,"approved_at":"2023-02-12 12:39:16","approved_by":1422,"auto_cancel_at":"2023-02-14 12:39:09","cancelled_at":null,"cancelled_by":null,"reason_for_cancellation":null,"created_by":1422,"created_at":"2023-02-12T04:39:09.000000Z","updated_at":"2023-02-12T04:39:16.000000Z","guest_vehicles":[],"guests":[{"id":12809,"booking_reference_number":"DT-QJ8UE4","related_id":null,"reference_number":"G-MEGOYQ","first_name":"Jinky","last_name":"Ulijan","age":21,"nationality":"da","type":"adult","status":"arriving","created_by":null,"deleted_by":null,"created_at":"2023-02-12T04:39:09.000000Z","updated_at":"2023-02-12T04:39:16.000000Z","deleted_at":null}],"inclusions":[{"id":32542,"booking_reference_number":"DT-QJ8UE4","invoice_id":4546,"guest_id":null,"guest_reference_number":null,"parent_id":null,"code":"EXTRAPAX","item":"Extra Person","type":"product","description":null,"serving_time":null,"walkin_price":"1200.00","selling_price":"1000.00","selling_price_type":null,"used_at":null,"quantity":1,"original_price":"1000.00","price":"1000.00","discount":null,"created_by":1422,"deleted_by":null,"deleted_at":null,"created_at":"2023-02-12T04:39:09.000000Z","updated_at":"2023-02-12T04:39:09.000000Z"}],"customer":[{"id":226,"object_id":"949f2100-1ae7-45a0-927a-83653a9249ba","first_name":"Agent Cressa","middle_name":null,"last_name":"Tupaz","nationality":"Filipino","contact_number":"09123456789","address":"SJDM Bulacan","email":"heycressanta@gmail.com","created_by":1398,"created_at":"2022-01-11T12:19:51.000000Z","updated_at":"2022-01-13T03:02:49.000000Z","deleted_at":null}],"tags":[{"id":3381,"booking_id":3727,"name":"ESLCC - Sales Agent","created_by":1422,"created_at":"2023-02-12T04:39:09.000000Z","updated_at":"2023-02-12T04:39:09.000000Z","deleted_at":null}]},"balance":"1000.00","details":{"id":12809,"booking_reference_number":"DT-QJ8UE4","related_id":null,"reference_number":"G-MEGOYQ","first_name":"Jinky","last_name":"Ulijan","age":21,"nationality":"da","type":"adult","status":"arriving","created_by":null,"deleted_by":null,"created_at":"2023-02-12T04:39:09.000000Z","updated_at":"2023-02-12T04:39:16.000000Z","deleted_at":null,"booking":{"id":3727,"user_id":1398,"customer_id":226,"agent_id":1398,"sales_director_id":1057,"reference_number":"DT-QJ8UE4","start_datetime":"2023-02-12 00:00:00","end_datetime":"2023-02-12 00:00:00","adult_pax":1,"kid_pax":0,"infant_pax":0,"status":"confirmed","rating":0,"label":null,"remarks":null,"type":"DT","source":null,"mode_of_transportation":"undecided","eta":"7:00 AM","portal":"admin","mode_of_payment":null,"approved_at":"2023-02-12 12:39:16","approved_by":1422,"auto_cancel_at":"2023-02-14 12:39:09","cancelled_at":null,"cancelled_by":null,"reason_for_cancellation":null,"created_by":1422,"created_at":"2023-02-12T04:39:09.000000Z","updated_at":"2023-02-12T04:39:16.000000Z"}},"pass":{"id":40971,"booking_reference_number":"DT-QJ8UE4","guest_reference_number":"G-MEGOYQ","card_number":null,"inclusion_id":null,"trip_id":null,"pass_code":"CMY-TXGF5F","description":null,"category":"reusable","count":1,"max":null,"interfaces":"[\"main_gate\"]","mode":"access","type":"Main Gate Passes","status":"used","usable_at":"2023-02-12 00:00:00","expires_at":"2023-02-12 23:59:00","created_by":null,"deleted_by":null,"deleted_at":null,"created_at":"2023-02-12T04:54:49.000000Z","updated_at":"2023-02-12T07:05:02.000000Z"},"tap_id":2,"previous_security_check_data":{"id":2,"booking_reference_number":"DT-QJ8UE4","reference_number":"G-MEGOYQ","new_reference_number":null,"scan_status":"valid","status":"on-hold","checklists":{"guests":{"12809":true},"booking":{"1":false,"2":true,"3":true,"4":false,"5":false,"6":false,"7":true},"customChecklists":[]},"additional_vehicles":null,"additional_guests":null,"action_taken":{"guests":[],"booking":{"1":null,"2":null,"3":null,"4":null,"5":null,"6":null,"7":null}},"guest_vehicles":[],"invalid_notes":null,"notes":null,"booking_guest_vehicles":[],"created_at":"2023-02-12T06:59:16.000000Z","updated_at":"2023-02-12T06:59:16.000000Z","tap_id":null}}
2023-02-12 15:13:48,/welcome,{"status":"OK","users":"","layout":"","booking":{"id":3727,"user_id":1398,"customer_id":226,"agent_id":1398,"sales_director_id":1057,"reference_number":"DT-QJ8UE4","start_datetime":"2023-02-12 00:00:00","end_datetime":"2023-02-12 00:00:00","adult_pax":1,"kid_pax":0,"infant_pax":0,"status":"confirmed","rating":0,"label":null,"remarks":null,"type":"DT","source":null,"mode_of_transportation":"undecided","eta":"7:00 AM","portal":"admin","mode_of_payment":null,"approved_at":"2023-02-12 12:39:16","approved_by":1422,"auto_cancel_at":"2023-02-14 12:39:09","cancelled_at":null,"cancelled_by":null,"reason_for_cancellation":null,"created_by":1422,"created_at":"2023-02-12T04:39:09.000000Z","updated_at":"2023-02-12T04:39:16.000000Z","guest_vehicles":[],"guests":[{"id":12809,"booking_reference_number":"DT-QJ8UE4","related_id":null,"reference_number":"G-MEGOYQ","first_name":"Jinky","last_name":"Ulijan","age":21,"nationality":"da","type":"adult","status":"arriving","created_by":null,"deleted_by":null,"created_at":"2023-02-12T04:39:09.000000Z","updated_at":"2023-02-12T04:39:16.000000Z","deleted_at":null}],"inclusions":[{"id":32542,"booking_reference_number":"DT-QJ8UE4","invoice_id":4546,"guest_id":null,"guest_reference_number":null,"parent_id":null,"code":"EXTRAPAX","item":"Extra Person","type":"product","description":null,"serving_time":null,"walkin_price":"1200.00","selling_price":"1000.00","selling_price_type":null,"used_at":null,"quantity":1,"original_price":"1000.00","price":"1000.00","discount":null,"created_by":1422,"deleted_by":null,"deleted_at":null,"created_at":"2023-02-12T04:39:09.000000Z","updated_at":"2023-02-12T04:39:09.000000Z"}],"customer":[{"id":226,"object_id":"949f2100-1ae7-45a0-927a-83653a9249ba","first_name":"Agent Cressa","middle_name":null,"last_name":"Tupaz","nationality":"Filipino","contact_number":"09123456789","address":"SJDM Bulacan","email":"heycressanta@gmail.com","created_by":1398,"created_at":"2022-01-11T12:19:51.000000Z","updated_at":"2022-01-13T03:02:49.000000Z","deleted_at":null}],"tags":[{"id":3381,"booking_id":3727,"name":"ESLCC - Sales Agent","created_by":1422,"created_at":"2023-02-12T04:39:09.000000Z","updated_at":"2023-02-12T04:39:09.000000Z","deleted_at":null}]},"balance":"1000.00","details":{"id":12809,"booking_reference_number":"DT-QJ8UE4","related_id":null,"reference_number":"G-MEGOYQ","first_name":"Jinky","last_name":"Ulijan","age":21,"nationality":"da","type":"adult","status":"arriving","created_by":null,"deleted_by":null,"created_at":"2023-02-12T04:39:09.000000Z","updated_at":"2023-02-12T04:39:16.000000Z","deleted_at":null,"booking":{"id":3727,"user_id":1398,"customer_id":226,"agent_id":1398,"sales_director_id":1057,"reference_number":"DT-QJ8UE4","start_datetime":"2023-02-12 00:00:00","end_datetime":"2023-02-12 00:00:00","adult_pax":1,"kid_pax":0,"infant_pax":0,"status":"confirmed","rating":0,"label":null,"remarks":null,"type":"DT","source":null,"mode_of_transportation":"undecided","eta":"7:00 AM","portal":"admin","mode_of_payment":null,"approved_at":"2023-02-12 12:39:16","approved_by":1422,"auto_cancel_at":"2023-02-14 12:39:09","cancelled_at":null,"cancelled_by":null,"reason_for_cancellation":null,"created_by":1422,"created_at":"2023-02-12T04:39:09.000000Z","updated_at":"2023-02-12T04:39:16.000000Z"}},"pass":{"id":40971,"booking_reference_number":"DT-QJ8UE4","guest_reference_number":"G-MEGOYQ","card_number":null,"inclusion_id":null,"trip_id":null,"pass_code":"CMY-TXGF5F","description":null,"category":"reusable","count":1,"max":null,"interfaces":"[\"main_gate\"]","mode":"access","type":"Main Gate Passes","status":"used","usable_at":"2023-02-12 00:00:00","expires_at":"2023-02-12 23:59:00","created_by":null,"deleted_by":null,"deleted_at":null,"created_at":"2023-02-12T04:54:49.000000Z","updated_at":"2023-02-12T07:10:02.000000Z"},"tap_id":2,"previous_security_check_data":{"id":2,"booking_reference_number":"DT-QJ8UE4","reference_number":"G-MEGOYQ","new_reference_number":null,"scan_status":"valid","status":"on-hold","checklists":{"guests":{"12809":true},"booking":{"1":false,"2":true,"3":true,"4":false,"5":false,"6":false,"7":true},"customChecklists":[]},"additional_vehicles":null,"additional_guests":null,"action_taken":{"guests":[],"booking":{"1":null,"2":null,"3":null,"4":null,"5":null,"6":null,"7":null}},"guest_vehicles":[],"invalid_notes":null,"notes":null,"booking_guest_vehicles":[],"created_at":"2023-02-12T06:59:16.000000Z","updated_at":"2023-02-12T06:59:16.000000Z","tap_id":null}}
2023-02-12 15:13:53,scanner-holding-area,""
2023-02-12 15:14:07,/,""
2023-02-12 15:14:23,/,""
2023-02-12 15:15:56,/,""
2023-02-12 15:16:15,/,""
2023-02-12 15:22:28,/,""
2023-02-12 15:22:40,/,""
2023-02-12 15:22:45,/,""
2023-02-12 15:23:41,/,""
2023-02-12 15:24:00,/,""
2023-02-12 15:24:05,/,""
2023-02-12 15:25:44,/,""
2023-02-12 15:26:27,/,""
2023-02-12 15:27:46,/,""
2023-02-12 15:28:29,/,""
2023-02-12 15:28:53,/,""
2023-02-12 15:29:25,/,""
2023-02-12 15:29:32,/,""
2023-02-12 15:30:41,/,""
2023-02-12 15:30:59,/,""
2023-02-12 15:34:04,/,""
2023-02-12 15:34:14,/,""
2023-02-12 15:40:57,/,""
2023-02-12 15:41:07,/,""
2023-02-12 15:42:17,/,""
2023-02-12 15:42:52,/,""
2023-02-12 15:42:56,/,""
2023-02-12 15:43:03,holding-area,""
2023-02-12 15:48:10,/,""
2023-02-12 15:48:39,/,""
2023-02-12 15:49:33,/,""
2023-02-12 15:49:53,/,""
2023-02-12 15:50:06,/,""
2023-02-12 15:50:15,holding-area,""
2023-02-12 15:50:45,/,""
2023-02-12 15:58:45,/,""
2023-02-12 15:59:06,/,""
2023-02-12 15:59:10,/,""
2023-02-12 15:59:38,/,""
2023-02-12 15:59:48,/,""
2023-02-12 16:09:15,/,""
2023-02-12 16:09:24,/,""
2023-02-12 16:09:49,/,""
2023-02-12 16:11:04,/,""
2023-02-12 16:11:20,/,""
2023-02-12 16:11:55,/,""
2023-02-12 16:19:31,/,""
2023-02-12 16:19:52,/,""
2023-02-12 16:19:57,/,""
2023-02-12 16:20:12,/,""
2023-02-12 16:20:55,/,""
2023-02-12 16:23:47,/,""
2023-02-12 16:24:57,/,""
2023-02-12 16:25:02,/,""
2023-02-12 16:25:06,/,""
2023-02-12 16:29:18,/,""
2023-02-12 16:29:36,/,""
2023-02-12 16:30:06,/,""
2023-02-12 16:30:10,/,""
2023-02-12 16:30:25,/,""
2023-02-12 16:31:01,/,""
2023-02-12 16:31:04,/,""
2023-02-12 16:31:22,/,""
2023-02-12 16:31:26,/,""
2023-02-12 16:31:39,/,""
2023-02-12 16:31:43,/,""
2023-02-12 16:32:50,/,""
2023-02-12 16:35:21,/welcome,{"status":"OK","users":"","layout":"","booking":{"id":3727,"user_id":1398,"customer_id":226,"agent_id":1398,"sales_director_id":1057,"reference_number":"DT-QJ8UE4","start_datetime":"2023-02-12 00:00:00","end_datetime":"2023-02-12 00:00:00","adult_pax":1,"kid_pax":0,"infant_pax":0,"status":"confirmed","rating":0,"label":null,"remarks":null,"type":"DT","source":null,"mode_of_transportation":"undecided","eta":"7:00 AM","portal":"admin","mode_of_payment":null,"approved_at":"2023-02-12 12:39:16","approved_by":1422,"auto_cancel_at":"2023-02-14 12:39:09","cancelled_at":null,"cancelled_by":null,"reason_for_cancellation":null,"created_by":1422,"created_at":"2023-02-12T04:39:09.000000Z","updated_at":"2023-02-12T04:39:16.000000Z","guest_vehicles":[],"guests":[{"id":12809,"booking_reference_number":"DT-QJ8UE4","related_id":null,"reference_number":"G-MEGOYQ","first_name":"Jinky","last_name":"Ulijan","age":21,"nationality":"da","type":"adult","status":"arriving","created_by":null,"deleted_by":null,"created_at":"2023-02-12T04:39:09.000000Z","updated_at":"2023-02-12T04:39:16.000000Z","deleted_at":null}],"inclusions":[{"id":32542,"booking_reference_number":"DT-QJ8UE4","invoice_id":4546,"guest_id":null,"guest_reference_number":null,"parent_id":null,"code":"EXTRAPAX","item":"Extra Person","type":"product","description":null,"serving_time":null,"walkin_price":"1200.00","selling_price":"1000.00","selling_price_type":null,"used_at":null,"quantity":1,"original_price":"1000.00","price":"1000.00","discount":null,"created_by":1422,"deleted_by":null,"deleted_at":null,"created_at":"2023-02-12T04:39:09.000000Z","updated_at":"2023-02-12T04:39:09.000000Z"}],"customer":[{"id":226,"object_id":"949f2100-1ae7-45a0-927a-83653a9249ba","first_name":"Agent Cressa","middle_name":null,"last_name":"Tupaz","nationality":"Filipino","contact_number":"09123456789","address":"SJDM Bulacan","email":"heycressanta@gmail.com","created_by":1398,"created_at":"2022-01-11T12:19:51.000000Z","updated_at":"2022-01-13T03:02:49.000000Z","deleted_at":null}],"tags":[{"id":3381,"booking_id":3727,"name":"ESLCC - Sales Agent","created_by":1422,"created_at":"2023-02-12T04:39:09.000000Z","updated_at":"2023-02-12T04:39:09.000000Z","deleted_at":null}]},"balance":"1000.00","details":{"id":12809,"booking_reference_number":"DT-QJ8UE4","related_id":null,"reference_number":"G-MEGOYQ","first_name":"Jinky","last_name":"Ulijan","age":21,"nationality":"da","type":"adult","status":"arriving","created_by":null,"deleted_by":null,"created_at":"2023-02-12T04:39:09.000000Z","updated_at":"2023-02-12T04:39:16.000000Z","deleted_at":null,"booking":{"id":3727,"user_id":1398,"customer_id":226,"agent_id":1398,"sales_director_id":1057,"reference_number":"DT-QJ8UE4","start_datetime":"2023-02-12 00:00:00","end_datetime":"2023-02-12 00:00:00","adult_pax":1,"kid_pax":0,"infant_pax":0,"status":"confirmed","rating":0,"label":null,"remarks":null,"type":"DT","source":null,"mode_of_transportation":"undecided","eta":"7:00 AM","portal":"admin","mode_of_payment":null,"approved_at":"2023-02-12 12:39:16","approved_by":1422,"auto_cancel_at":"2023-02-14 12:39:09","cancelled_at":null,"cancelled_by":null,"reason_for_cancellation":null,"created_by":1422,"created_at":"2023-02-12T04:39:09.000000Z","updated_at":"2023-02-12T04:39:16.000000Z"}},"pass":{"id":40971,"booking_reference_number":"DT-QJ8UE4","guest_reference_number":"G-MEGOYQ","card_number":null,"inclusion_id":null,"trip_id":null,"pass_code":"CMY-TXGF5F","description":null,"category":"reusable","count":1,"max":null,"interfaces":"[\"main_gate\"]","mode":"access","type":"Main Gate Passes","status":"used","usable_at":"2023-02-12 00:00:00","expires_at":"2023-02-12 23:59:00","created_by":null,"deleted_by":null,"deleted_at":null,"created_at":"2023-02-12T04:54:49.000000Z","updated_at":"2023-02-12T08:35:02.000000Z"},"tap_id":4,"previous_security_check_data":{"id":3,"booking_reference_number":"DT-QJ8UE4","reference_number":"G-MEGOYQ","new_reference_number":null,"scan_status":"valid","status":"on-hold","checklists":{"guests":{"12809":true},"booking":{"1":false,"2":true,"3":true,"4":false,"5":false,"6":false,"7":true},"customChecklists":[]},"additional_vehicles":null,"additional_guests":null,"action_taken":{"guests":[],"booking":{"1":null,"2":null,"3":null,"4":null,"5":null,"6":null,"7":null}},"guest_vehicles":[],"invalid_notes":null,"notes":null,"booking_guest_vehicles":[],"created_at":"2023-02-12T07:13:53.000000Z","updated_at":"2023-02-12T07:13:53.000000Z","tap_id":null}}
2023-02-12 16:35:25,/welcome,{"status":"OK","users":"","layout":"","booking":{"id":3727,"user_id":1398,"customer_id":226,"agent_id":1398,"sales_director_id":1057,"reference_number":"DT-QJ8UE4","start_datetime":"2023-02-12 00:00:00","end_datetime":"2023-02-12 00:00:00","adult_pax":1,"kid_pax":0,"infant_pax":0,"status":"confirmed","rating":0,"label":null,"remarks":null,"type":"DT","source":null,"mode_of_transportation":"undecided","eta":"7:00 AM","portal":"admin","mode_of_payment":null,"approved_at":"2023-02-12 12:39:16","approved_by":1422,"auto_cancel_at":"2023-02-14 12:39:09","cancelled_at":null,"cancelled_by":null,"reason_for_cancellation":null,"created_by":1422,"created_at":"2023-02-12T04:39:09.000000Z","updated_at":"2023-02-12T04:39:16.000000Z","guest_vehicles":[],"guests":[{"id":12809,"booking_reference_number":"DT-QJ8UE4","related_id":null,"reference_number":"G-MEGOYQ","first_name":"Jinky","last_name":"Ulijan","age":21,"nationality":"da","type":"adult","status":"arriving","created_by":null,"deleted_by":null,"created_at":"2023-02-12T04:39:09.000000Z","updated_at":"2023-02-12T04:39:16.000000Z","deleted_at":null}],"inclusions":[{"id":32542,"booking_reference_number":"DT-QJ8UE4","invoice_id":4546,"guest_id":null,"guest_reference_number":null,"parent_id":null,"code":"EXTRAPAX","item":"Extra Person","type":"product","description":null,"serving_time":null,"walkin_price":"1200.00","selling_price":"1000.00","selling_price_type":null,"used_at":null,"quantity":1,"original_price":"1000.00","price":"1000.00","discount":null,"created_by":1422,"deleted_by":null,"deleted_at":null,"created_at":"2023-02-12T04:39:09.000000Z","updated_at":"2023-02-12T04:39:09.000000Z"}],"customer":[{"id":226,"object_id":"949f2100-1ae7-45a0-927a-83653a9249ba","first_name":"Agent Cressa","middle_name":null,"last_name":"Tupaz","nationality":"Filipino","contact_number":"09123456789","address":"SJDM Bulacan","email":"heycressanta@gmail.com","created_by":1398,"created_at":"2022-01-11T12:19:51.000000Z","updated_at":"2022-01-13T03:02:49.000000Z","deleted_at":null}],"tags":[{"id":3381,"booking_id":3727,"name":"ESLCC - Sales Agent","created_by":1422,"created_at":"2023-02-12T04:39:09.000000Z","updated_at":"2023-02-12T04:39:09.000000Z","deleted_at":null}]},"balance":"1000.00","details":{"id":12809,"booking_reference_number":"DT-QJ8UE4","related_id":null,"reference_number":"G-MEGOYQ","first_name":"Jinky","last_name":"Ulijan","age":21,"nationality":"da","type":"adult","status":"arriving","created_by":null,"deleted_by":null,"created_at":"2023-02-12T04:39:09.000000Z","updated_at":"2023-02-12T04:39:16.000000Z","deleted_at":null,"booking":{"id":3727,"user_id":1398,"customer_id":226,"agent_id":1398,"sales_director_id":1057,"reference_number":"DT-QJ8UE4","start_datetime":"2023-02-12 00:00:00","end_datetime":"2023-02-12 00:00:00","adult_pax":1,"kid_pax":0,"infant_pax":0,"status":"confirmed","rating":0,"label":null,"remarks":null,"type":"DT","source":null,"mode_of_transportation":"undecided","eta":"7:00 AM","portal":"admin","mode_of_payment":null,"approved_at":"2023-02-12 12:39:16","approved_by":1422,"auto_cancel_at":"2023-02-14 12:39:09","cancelled_at":null,"cancelled_by":null,"reason_for_cancellation":null,"created_by":1422,"created_at":"2023-02-12T04:39:09.000000Z","updated_at":"2023-02-12T04:39:16.000000Z"}},"pass":{"id":40971,"booking_reference_number":"DT-QJ8UE4","guest_reference_number":"G-MEGOYQ","card_number":null,"inclusion_id":null,"trip_id":null,"pass_code":"CMY-TXGF5F","description":null,"category":"reusable","count":1,"max":null,"interfaces":"[\"main_gate\"]","mode":"access","type":"Main Gate Passes","status":"used","usable_at":"2023-02-12 00:00:00","expires_at":"2023-02-12 23:59:00","created_by":null,"deleted_by":null,"deleted_at":null,"created_at":"2023-02-12T04:54:49.000000Z","updated_at":"2023-02-12T08:35:02.000000Z"},"tap_id":4,"previous_security_check_data":{"id":3,"booking_reference_number":"DT-QJ8UE4","reference_number":"G-MEGOYQ","new_reference_number":null,"scan_status":"valid","status":"on-hold","checklists":{"guests":{"12809":true},"booking":{"1":false,"2":true,"3":true,"4":false,"5":false,"6":false,"7":true},"customChecklists":[]},"additional_vehicles":null,"additional_guests":null,"action_taken":{"guests":[],"booking":{"1":null,"2":null,"3":null,"4":null,"5":null,"6":null,"7":null}},"guest_vehicles":[],"invalid_notes":null,"notes":null,"booking_guest_vehicles":[],"created_at":"2023-02-12T07:13:53.000000Z","updated_at":"2023-02-12T07:13:53.000000Z","tap_id":null}}
2023-02-12 16:35:27,holding-area,""
2023-02-12 16:35:29,/,""
2023-02-12 16:35:33,/,""
2023-02-12 16:35:52,/,""
2023-02-12 16:35:54,/,""
2023-02-12 16:35:57,/,""
2023-02-12 16:37:05,/,""
2023-02-12 16:37:06,/,""
2023-02-12 16:37:26,/,""
2023-02-12 16:37:43,/,""
2023-02-12 16:38:07,/,""
2023-02-12 16:38:17,/,""
2023-02-12 16:41:28,/,""
2023-02-12 16:41:31,/,""
2023-02-12 16:42:12,/,""
2023-02-12 16:42:20,/welcome,{"status":"OK","users":"","layout":"","booking":{"id":3727,"user_id":1398,"customer_id":226,"agent_id":1398,"sales_director_id":1057,"reference_number":"DT-QJ8UE4","start_datetime":"2023-02-12 00:00:00","end_datetime":"2023-02-12 00:00:00","adult_pax":1,"kid_pax":0,"infant_pax":0,"status":"confirmed","rating":0,"label":null,"remarks":null,"type":"DT","source":null,"mode_of_transportation":"undecided","eta":"7:00 AM","portal":"admin","mode_of_payment":null,"approved_at":"2023-02-12 12:39:16","approved_by":1422,"auto_cancel_at":"2023-02-14 12:39:09","cancelled_at":null,"cancelled_by":null,"reason_for_cancellation":null,"created_by":1422,"created_at":"2023-02-12T04:39:09.000000Z","updated_at":"2023-02-12T04:39:16.000000Z","guest_vehicles":[],"guests":[{"id":12809,"booking_reference_number":"DT-QJ8UE4","related_id":null,"reference_number":"G-MEGOYQ","first_name":"Jinky","last_name":"Ulijan","age":21,"nationality":"da","type":"adult","status":"arriving","created_by":null,"deleted_by":null,"created_at":"2023-02-12T04:39:09.000000Z","updated_at":"2023-02-12T04:39:16.000000Z","deleted_at":null}],"inclusions":[{"id":32542,"booking_reference_number":"DT-QJ8UE4","invoice_id":4546,"guest_id":null,"guest_reference_number":null,"parent_id":null,"code":"EXTRAPAX","item":"Extra Person","type":"product","description":null,"serving_time":null,"walkin_price":"1200.00","selling_price":"1000.00","selling_price_type":null,"used_at":null,"quantity":1,"original_price":"1000.00","price":"1000.00","discount":null,"created_by":1422,"deleted_by":null,"deleted_at":null,"created_at":"2023-02-12T04:39:09.000000Z","updated_at":"2023-02-12T04:39:09.000000Z"}],"customer":[{"id":226,"object_id":"949f2100-1ae7-45a0-927a-83653a9249ba","first_name":"Agent Cressa","middle_name":null,"last_name":"Tupaz","nationality":"Filipino","contact_number":"09123456789","address":"SJDM Bulacan","email":"heycressanta@gmail.com","created_by":1398,"created_at":"2022-01-11T12:19:51.000000Z","updated_at":"2022-01-13T03:02:49.000000Z","deleted_at":null}],"tags":[{"id":3381,"booking_id":3727,"name":"ESLCC - Sales Agent","created_by":1422,"created_at":"2023-02-12T04:39:09.000000Z","updated_at":"2023-02-12T04:39:09.000000Z","deleted_at":null}]},"balance":"1000.00","details":{"id":12809,"booking_reference_number":"DT-QJ8UE4","related_id":null,"reference_number":"G-MEGOYQ","first_name":"Jinky","last_name":"Ulijan","age":21,"nationality":"da","type":"adult","status":"arriving","created_by":null,"deleted_by":null,"created_at":"2023-02-12T04:39:09.000000Z","updated_at":"2023-02-12T04:39:16.000000Z","deleted_at":null,"booking":{"id":3727,"user_id":1398,"customer_id":226,"agent_id":1398,"sales_director_id":1057,"reference_number":"DT-QJ8UE4","start_datetime":"2023-02-12 00:00:00","end_datetime":"2023-02-12 00:00:00","adult_pax":1,"kid_pax":0,"infant_pax":0,"status":"confirmed","rating":0,"label":null,"remarks":null,"type":"DT","source":null,"mode_of_transportation":"undecided","eta":"7:00 AM","portal":"admin","mode_of_payment":null,"approved_at":"2023-02-12 12:39:16","approved_by":1422,"auto_cancel_at":"2023-02-14 12:39:09","cancelled_at":null,"cancelled_by":null,"reason_for_cancellation":null,"created_by":1422,"created_at":"2023-02-12T04:39:09.000000Z","updated_at":"2023-02-12T04:39:16.000000Z"}},"pass":{"id":40971,"booking_reference_number":"DT-QJ8UE4","guest_reference_number":"G-MEGOYQ","card_number":null,"inclusion_id":null,"trip_id":null,"pass_code":"CMY-TXGF5F","description":null,"category":"reusable","count":1,"max":null,"interfaces":"[\"main_gate\"]","mode":"access","type":"Main Gate Passes","status":"used","usable_at":"2023-02-12 00:00:00","expires_at":"2023-02-12 23:59:00","created_by":null,"deleted_by":null,"deleted_at":null,"created_at":"2023-02-12T04:54:49.000000Z","updated_at":"2023-02-12T08:40:02.000000Z"},"tap_id":5,"previous_security_check_data":{"id":6,"booking_reference_number":"DT-QJ8UE4","reference_number":"G-MEGOYQ","new_reference_number":null,"scan_status":"valid","status":"on-hold","checklists":{"guests":{"12809":true},"booking":{"1":false,"2":true,"3":true,"4":false,"5":false,"6":false,"7":true},"customChecklists":[]},"additional_vehicles":null,"additional_guests":null,"action_taken":{"guests":[],"booking":{"1":null,"2":null,"3":null,"4":null,"5":null,"6":null,"7":null}},"guest_vehicles":[],"invalid_notes":null,"notes":null,"booking_guest_vehicles":[],"created_at":"2023-02-12T08:35:27.000000Z","updated_at":"2023-02-12T08:35:27.000000Z","tap_id":4}}
2023-02-12 16:42:26,holding-area,""
2023-02-12 16:42:29,/,""
2023-02-12 16:42:56,/,""
2023-02-12 16:47:59,scanner-holding-area,""
2023-02-12 16:48:29,/,""
2023-02-12 16:50:57,scanner-holding-area,""
2023-02-12 16:51:01,/,""
2023-02-12 16:51:05,/,""
2023-02-12 16:51:45,scanner-holding-area,""
2023-02-12 16:52:15,/,""
2023-02-12 16:53:00,scanner-holding-area,""
2023-02-12 16:53:04,/,""
2023-02-12 16:53:07,/,""
2023-02-12 16:53:30,/,""
2023-02-12 16:53:31,/,""
2023-02-12 16:53:35,/,""
2023-02-12 16:53:41,scanner-holding-area,""
2023-02-12 16:54:11,/,""
2023-02-12 16:54:54,/,""
2023-02-12 17:07:14,/,""
2023-02-12 17:07:18,/,""
2023-02-12 17:07:22,/,""
2023-02-12 17:07:27,/,""
2023-02-12 17:07:30,/,""
2023-02-12 17:07:38,/,""
2023-02-12 17:08:01,/,""
2023-02-12 17:08:20,/,""
2023-02-12 17:08:22,/,""
2023-02-12 17:08:23,/,""
2023-02-12 17:08:47,/,""
2023-02-12 17:08:53,/,""
2023-02-12 17:09:03,/,""
2023-02-12 17:09:06,/,""
2023-02-12 17:09:18,/,""
2023-02-12 17:09:18,/,""
2023-02-12 17:09:52,/,""
2023-02-12 17:10:39,/,""
2023-02-12 17:11:42,/,""
2023-02-12 17:11:59,scanner-holding-area,""
2023-02-12 17:12:30,/,""
2023-02-12 17:13:16,/,""
2023-02-12 17:13:46,/,""
2023-02-12 17:14:01,scanner-holding-area,""
2023-02-12 17:14:07,/,""
2023-02-12 17:14:16,/,""
2023-02-12 17:14:31,/,""
2023-02-12 17:16:15,/,""
2023-02-12 17:16:45,/,""
2023-02-12 17:17:34,/,""
2023-02-12 17:18:29,/,""
2023-02-12 17:18:32,/,""
2023-02-12 17:19:30,scanner-holding-area,""
2023-02-12 17:20:00,/,""
2023-02-12 17:21:00,/,""
2023-02-12 17:21:10,/,""
2023-02-12 17:21:34,scanner-holding-area,""
2023-02-12 17:22:04,/,""
2023-02-12 17:22:05,/,""
2023-02-12 17:22:08,/,""
2023-02-12 17:22:17,scanner-holding-area,""
2023-02-12 17:22:28,/,""
2023-02-12 17:22:47,/,""
2023-02-12 17:23:46,/,""
2023-02-12 17:25:44,scanner-holding-area,""
2023-02-12 17:25:56,/,""
2023-02-12 17:26:14,/,""
2023-02-12 17:27:04,/,""
2023-02-12 17:27:15,/,""
2023-02-12 17:27:44,/,""
2023-02-12 17:32:14,scanner-holding-area,""
2023-02-12 17:32:45,/,""
2023-02-12 17:35:48,scanner-holding-area,""
2023-02-12 17:35:56,/,""
2023-02-12 17:36:00,/,""
2023-02-12 17:36:18,/,""
